Failure # 1 (occurred at 2024-02-19_14-30-10)
The actor died unexpectedly before finishing this task.
	class_name: ImplicitFunc
	actor_id: 4e395629cc387349fe6c114c01000000
	pid: 69279
	namespace: b6f225de-012e-42ee-b23e-e80882c86100
	ip: 127.0.0.1
The actor is dead because its worker process has died. Worker exit type: SYSTEM_ERROR Worker exit detail: Worker exits unexpectedly. Worker exits with an exit code None. Traceback (most recent call last):
  File "python/ray/_raylet.pyx", line 1807, in ray._raylet.execute_task
  File "python/ray/_raylet.pyx", line 1908, in ray._raylet.execute_task
  File "python/ray/_raylet.pyx", line 1813, in ray._raylet.execute_task
  File "python/ray/_raylet.pyx", line 1754, in ray._raylet.execute_task.function_executor
  File "/Users/mayanknautiyal/Library/Python/3.9/lib/python/site-packages/ray/_private/function_manager.py", line 726, in actor_method_executor
    return method(__ray_actor, *args, **kwargs)
  File "/Users/mayanknautiyal/Library/Python/3.9/lib/python/site-packages/ray/_private/function_manager.py", line 638, in temporary_actor_method
    raise RuntimeError(
RuntimeError: The actor with name ImplicitFunc failed to import on the worker. This may be because needed library dependencies are not installed in the worker environment:

Traceback (most recent call last):
  File "/Users/mayanknautiyal/Library/Python/3.9/lib/python/site-packages/ray/_private/function_manager.py", line 677, in _load_actor_class_from_gcs
    actor_class = pickle.loads(pickled_class)
ModuleNotFoundError: No module named 'cvaei'


During handling of the above exception, another exception occurred:

Traceback (most recent call last):
  File "python/ray/_raylet.pyx", line 2206, in ray._raylet.task_execution_handler
  File "python/ray/_raylet.pyx", line 2102, in ray._raylet.execute_task_with_cancellation_handler
  File "python/ray/_raylet.pyx", line 1756, in ray._raylet.execute_task
  File "python/ray/_raylet.pyx", line 1757, in ray._raylet.execute_task
  File "python/ray/_raylet.pyx", line 1995, in ray._raylet.execute_task
  File "python/ray/_raylet.pyx", line 1055, in ray._raylet.store_task_errors
  File "/Users/mayanknautiyal/Library/Python/3.9/lib/python/site-packages/ray/_private/function_manager.py", line 638, in temporary_actor_method
    raise RuntimeError(
RuntimeError: The actor with name ImplicitFunc failed to import on the worker. This may be because needed library dependencies are not installed in the worker environment:

Traceback (most recent call last):
  File "/Users/mayanknautiyal/Library/Python/3.9/lib/python/site-packages/ray/_private/function_manager.py", line 677, in _load_actor_class_from_gcs
    actor_class = pickle.loads(pickled_class)
ModuleNotFoundError: No module named 'cvaei'

An unexpected internal error occurred while the worker was executing a task.
